* using log directory 'G:/My Drive/Career_Development/Coding_Profiles/Github_Public/Multi-stateRDT_QE2017/Rpackage/MSRDT.Rcheck'
* using R version 3.6.3 (2020-02-29)
* using platform: x86_64-w64-mingw32 (64-bit)
* using session charset: ISO8859-1
* using options '--no-manual --as-cran'
* checking for file 'MSRDT/DESCRIPTION' ... OK
* checking extension type ... Package
* this is package 'MSRDT' version '1.0.0'
* package encoding: UTF-8
* checking package namespace information ... OK
* checking package dependencies ... OK
* checking if this is a source package ... OK
* checking if there is a namespace ... OK
* checking for executable files ... OK
* checking for hidden files and directories ... OK
* checking for portable file names ... OK
* checking serialization versions ... OK
* checking whether package 'MSRDT' can be installed ... OK
* checking installed package size ... OK
* checking package directory ... OK
* checking for future file timestamps ... OK
* checking DESCRIPTION meta-information ... OK
* checking top-level files ... OK
* checking for left-over files ... OK
* checking index information ... OK
* checking package subdirectories ... OK
* checking R files for non-ASCII characters ... OK
* checking R files for syntax errors ... OK
* checking whether the package can be loaded ... OK
* checking whether the package can be loaded with stated dependencies ... OK
* checking whether the package can be unloaded cleanly ... OK
* checking whether the namespace can be loaded with stated dependencies ... OK
* checking whether the namespace can be unloaded cleanly ... OK
* checking dependencies in R code ... OK
* checking S3 generic/method consistency ... OK
* checking replacement functions ... OK
* checking foreign function calls ... OK
* checking R code for possible problems ... OK
* checking Rd files ... OK
* checking Rd metadata ... OK
* checking Rd line widths ... OK
* checking Rd cross-references ... WARNING
Missing link or links in documentation object 'bconsumerrisk.Rd':
  'bproducerrisk' 'bacceptprob' 'brejectprob'

Missing link or links in documentation object 'boptimal_n.Rd':
  'boptimal_cost'

See section 'Cross-references' in the 'Writing R Extensions' manual.

* checking for missing documentation entries ... OK
* checking for code/documentation mismatches ... OK
* checking Rd \usage sections ... OK
* checking Rd contents ... OK
* checking for unstated dependencies in examples ... WARNING
Warning: parse error in file 'lines':
8: unexpected ','
61: #The function also works for more than two failure modes,
62: however,
           ^
* checking examples ... ERROR
Running examples in 'MSRDT-Ex.R' failed
The error most likely occurred in:

> base::assign(".ptime", proc.time(), pos = "CheckExEnv")
> ### Name: MFM_core
> ### Title: Probability Core for Multi-State RDT with Multiple Failure Modes
> ### Aliases: MFM_core
> 
> ### ** Examples
> 
> #Example for two failure modes
> pi1 <- pi_MCSim_beta(M = 5000, seed = 10, a = 1, b = 1)
> pi2 <- pi_MCSim_beta(M = 5000, seed = 10, a = 2, b = 18)
> MFM_core(n = 10, cvec = c(1, 1), pivec = c(pi1[1], pi2[1]));
[1] 0.00885204
> #The function also works for more than two failure modes,
> however, may increase the computation cost.
Error: unexpected ',' in "however,"
Execution halted
* checking for detritus in the temp directory ... OK
* DONE
Status: 1 ERROR, 2 WARNINGs
